Arguments: 
  C:\Program Files\nodejs\node.exe C:\Program Files (x86)\Yarn\bin\yarn.js install

PATH: 
  C:\Program Files (x86)\Common Files\Oracle\Java\javapath;C:\Python27\;C:\Python27\Scripts;C:\Windows\system32;C:\Windows;C:\Windows\System32\Wbem;C:\Windows\System32\WindowsPowerShell\v1.0\;C:\Windows\System32\OpenSSH\;C:\ProgramData\chocolatey\bin;C:\Program Files\nodejs\;C:\Program Files\Java\jdk1.8.0_211\bin;C:\Program Files\Git\cmd;C:\Program Files\Git\bin\;C:\Program Files\Git\cmd\;C:\Program Files (x86)\Yarn\bin\;C:\Users\HP\AppData\Local\Microsoft\WindowsApps;C:\Users\HP\AppData\Local\Programs\Microsoft VS Code\bin;C:\Users\HP\AppData\Roaming\npm;C:\Users\HP\AppData\Local\Android\Sdk\platform-tools;C:\Users\HP\AppData\Local\Yarn\bin

Yarn version: 
  1.22.4

Node version: 
  14.7.0

Platform: 
  win32 x64

Trace: 
  Error: read ECONNRESET
      at TLSWrap.onStreamRead (internal/stream_base_commons.js:207:27)

npm manifest: 
  {
    "main": "node_modules/expo/AppEntry.js",
    "scripts": {
      "start": "expo start",
      "android": "expo start --android",
      "ios": "expo start --ios",
      "web": "expo start --web",
      "eject": "expo eject"
    },
    "dependencies": {
      "@expo/vector-icons": "^10.2.0",
      "@react-native-community/masked-view": "0.1.10",
      "@react-navigation/drawer": "^5.8.4",
      "@react-navigation/native": "^5.7.3",
      "@react-navigation/stack": "^5.9.0",
      "expo": "^38.0.8",
      "expo-linear-gradient": "~8.2.1",
      "expo-status-bar": "^1.0.2",
      "expo-ui-kit": "^0.1.0",
      "react": "~16.11.0",
      "react-dom": "~16.11.0",
      "react-native": "https://github.com/expo/react-native/archive/sdk-38.0.1.tar.gz",
      "react-native-elements": "^2.0.4",
      "react-native-gesture-handler": "~1.6.0",
      "react-native-paper": "^4.0.1",
      "react-native-reanimated": "~1.9.0",
      "react-native-screens": "~2.9.0",
      "react-native-vector-icons": "^7.0.0",
      "react-native-web": "~0.11.7",
      "react-navigation": "^4.4.0",
      "react-navigation-drawer": "^2.5.0",
      "react-navigation-stack": "^2.8.2",
      "react-redux": "^7.2.0",
      "redux": "^4.0.5",
      "redux-devtools-extension": "^2.13.8",
      "redux-thunk": "^2.3.0",
      "styled-components": "^5.1.1",
      "react-native-safe-area-context": "~3.0.7"
    },
    "devDependencies": {
      "@babel/core": "^7.8.6",
      "babel-preset-expo": "~8.1.0"
    },
    "private": true
  }

yarn manifest: 
  No manifest

Lockfile: 
  No lockfile
